\BOOKMARK [1][-]{section.1}{Studie voor tools}{}% 1
\BOOKMARK [2][-]{subsection.1.1}{Programmertalen}{section.1}% 2
\BOOKMARK [2][-]{subsection.1.2}{App}{section.1}% 3
\BOOKMARK [2][-]{subsection.1.3}{Website}{section.1}% 4
\BOOKMARK [2][-]{subsection.1.4}{Database}{section.1}% 5
\BOOKMARK [1][-]{section.2}{Resultaten}{}% 6
\BOOKMARK [2][-]{subsection.2.1}{Database}{section.2}% 7
\BOOKMARK [2][-]{subsection.2.2}{Login-pagina}{section.2}% 8
\BOOKMARK [2][-]{subsection.2.3}{Chat}{section.2}% 9
\BOOKMARK [2][-]{subsection.2.4}{Documenten}{section.2}% 10
\BOOKMARK [2][-]{subsection.2.5}{Kalender}{section.2}% 11
\BOOKMARK [2][-]{subsection.2.6}{Dagboek}{section.2}% 12
\BOOKMARK [1][-]{section.3}{Ontwikkelingen in de toekomst}{}% 13
\BOOKMARK [2][-]{subsection.3.1}{App}{section.3}% 14
\BOOKMARK [2][-]{subsection.3.2}{Website}{section.3}% 15
\BOOKMARK [2][-]{subsection.3.3}{Algemene functies}{section.3}% 16
\BOOKMARK [1][-]{section*.5}{Appendices}{}% 17
\BOOKMARK [1][-]{appendix.1.A}{Planning}{}% 18
\BOOKMARK [1][-]{appendix.1.B}{Samenwerking}{}% 19
\BOOKMARK [2][-]{subsection.1.B.1}{Verantwoordelijkheden}{appendix.1.B}% 20
\BOOKMARK [2][-]{subsection.1.B.2}{Taakverdeling}{appendix.1.B}% 21
\BOOKMARK [1][-]{appendix.1.C}{Gantt-grafiek}{}% 22
\BOOKMARK [1][-]{appendix.1.D}{Structuur database}{}% 23
