<<<<<<< refs/remotes/origin/Eindverslag
This is pdfTeX, Version 3.141592653-2.6-1.40.23 (TeX Live 2021/W32TeX) (preloaded format=pdflatex 2021.11.21)  13 DEC 2021 20:53
=======
This is pdfTeX, Version 3.14159265-2.6-1.40.21 (TeX Live 2020/W32TeX) (preloaded format=pdflatex 2020.9.30)  14 DEC 2021 14:50
>>>>>>> 2.1.1 en 2.1.2
entering extended mode
 restricted \write18 enabled.
 %&-line parsing enabled.
**verslagCommunicatieplatform.tex
(./verslagCommunicatieplatform.tex
LaTeX2e <2020-02-02> patch level 5
L3 programming layer <2020-09-24>
(c:/texlive/2020/texmf-dist/tex/latex/base/article.cls
Document Class: article 2019/12/20 v1.4l Standard LaTeX document class
(c:/texlive/2020/texmf-dist/tex/latex/base/size10.clo
File: size10.clo 2019/12/20 v1.4l Standard LaTeX file (size option)
)
\c@part=\count168
\c@section=\count169
\c@subsection=\count170
\c@subsubsection=\count171
\c@paragraph=\count172
\c@subparagraph=\count173
\c@figure=\count174
\c@table=\count175
\abovecaptionskip=\skip47
\belowcaptionskip=\skip48
\bibindent=\dimen134
)
(c:/texlive/2020/texmf-dist/tex/latex/hyperref/hyperref.sty
Package: hyperref 2020-05-15 v7.00e Hypertext links for LaTeX

(c:/texlive/2020/texmf-dist/tex/generic/ltxcmds/ltxcmds.sty
Package: ltxcmds 2020-05-10 v1.25 LaTeX kernel commands for general use (HO)
)
(c:/texlive/2020/texmf-dist/tex/generic/iftex/iftex.sty
Package: iftex 2020/03/06 v1.0d TeX engine tests
)
(c:/texlive/2020/texmf-dist/tex/generic/pdftexcmds/pdftexcmds.sty
Package: pdftexcmds 2020-06-27 v0.33 Utility functions of pdfTeX for LuaTeX (HO
)

(c:/texlive/2020/texmf-dist/tex/generic/infwarerr/infwarerr.sty
Package: infwarerr 2019/12/03 v1.5 Providing info/warning/error messages (HO)
)
Package pdftexcmds Info: \pdf@primitive is available.
Package pdftexcmds Info: \pdf@ifprimitive is available.
Package pdftexcmds Info: \pdfdraftmode found.
)
(c:/texlive/2020/texmf-dist/tex/latex/graphics/keyval.sty
Package: keyval 2014/10/28 v1.15 key=value parser (DPC)
\KV@toks@=\toks15
)
(c:/texlive/2020/texmf-dist/tex/generic/kvsetkeys/kvsetkeys.sty
Package: kvsetkeys 2019/12/15 v1.18 Key value parser (HO)
)
(c:/texlive/2020/texmf-dist/tex/generic/kvdefinekeys/kvdefinekeys.sty
Package: kvdefinekeys 2019-12-19 v1.6 Define keys (HO)
)
(c:/texlive/2020/texmf-dist/tex/generic/pdfescape/pdfescape.sty
Package: pdfescape 2019/12/09 v1.15 Implements pdfTeX's escape features (HO)
)
(c:/texlive/2020/texmf-dist/tex/latex/hycolor/hycolor.sty
Package: hycolor 2020-01-27 v1.10 Color options for hyperref/bookmark (HO)
)
(c:/texlive/2020/texmf-dist/tex/latex/letltxmacro/letltxmacro.sty
Package: letltxmacro 2019/12/03 v1.6 Let assignment for LaTeX macros (HO)
)
(c:/texlive/2020/texmf-dist/tex/latex/auxhook/auxhook.sty
Package: auxhook 2019-12-17 v1.6 Hooks for auxiliary files (HO)
)
(c:/texlive/2020/texmf-dist/tex/latex/kvoptions/kvoptions.sty
Package: kvoptions 2019/11/29 v3.13 Key value format for package options (HO)
)
\@linkdim=\dimen135
\Hy@linkcounter=\count176
\Hy@pagecounter=\count177

(c:/texlive/2020/texmf-dist/tex/latex/hyperref/pd1enc.def
File: pd1enc.def 2020-05-15 v7.00e Hyperref: PDFDocEncoding definition (HO)
Now handling font encoding PD1 ...
... no UTF-8 mapping file for font encoding PD1
)
(c:/texlive/2020/texmf-dist/tex/generic/intcalc/intcalc.sty
Package: intcalc 2019/12/15 v1.3 Expandable calculations with integers (HO)
)
(c:/texlive/2020/texmf-dist/tex/generic/etexcmds/etexcmds.sty
Package: etexcmds 2019/12/15 v1.7 Avoid name clashes with e-TeX commands (HO)
)
\Hy@SavedSpaceFactor=\count178
Package hyperref Info: Hyper figures OFF on input line 4464.
Package hyperref Info: Link nesting OFF on input line 4469.
Package hyperref Info: Hyper index ON on input line 4472.
Package hyperref Info: Plain pages OFF on input line 4479.
Package hyperref Info: Backreferencing OFF on input line 4484.
Package hyperref Info: Implicit mode ON; LaTeX internals redefined.
Package hyperref Info: Bookmarks ON on input line 4717.
\c@Hy@tempcnt=\count179

(c:/texlive/2020/texmf-dist/tex/latex/url/url.sty
\Urlmuskip=\muskip16
Package: url 2013/09/16  ver 3.4  Verb mode for urls, etc.
)
LaTeX Info: Redefining \url on input line 5076.
\XeTeXLinkMargin=\dimen136

(c:/texlive/2020/texmf-dist/tex/generic/bitset/bitset.sty
Package: bitset 2019/12/09 v1.3 Handle bit-vector datatype (HO)

(c:/texlive/2020/texmf-dist/tex/generic/bigintcalc/bigintcalc.sty
Package: bigintcalc 2019/12/15 v1.5 Expandable calculations on big integers (HO
)
))
\Fld@menulength=\count180
\Field@Width=\dimen137
\Fld@charsize=\dimen138
Package hyperref Info: Hyper figures OFF on input line 6347.
Package hyperref Info: Link nesting OFF on input line 6352.
Package hyperref Info: Hyper index ON on input line 6355.
Package hyperref Info: backreferencing OFF on input line 6362.
Package hyperref Info: Link coloring OFF on input line 6367.
Package hyperref Info: Link coloring with OCG OFF on input line 6372.
Package hyperref Info: PDF/A mode OFF on input line 6377.
LaTeX Info: Redefining \ref on input line 6417.
LaTeX Info: Redefining \pageref on input line 6421.

(c:/texlive/2020/texmf-dist/tex/generic/atbegshi/atbegshi.sty
Package: atbegshi 2019/12/05 v1.19 At begin shipout hook (HO)
)
\Hy@abspage=\count181
\c@Item=\count182
\c@Hfootnote=\count183
)
Package hyperref Info: Driver (autodetected): hpdftex.

(c:/texlive/2020/texmf-dist/tex/latex/hyperref/hpdftex.def
File: hpdftex.def 2020-05-15 v7.00e Hyperref driver for pdfTeX

(c:/texlive/2020/texmf-dist/tex/latex/atveryend/atveryend.sty
Package: atveryend 2019-12-11 v1.11 Hooks at the very end of document (HO)
Package atveryend Info: \enddocument detected (standard20110627).
)
\Fld@listcount=\count184
\c@bookmark@seq@number=\count185

(c:/texlive/2020/texmf-dist/tex/latex/rerunfilecheck/rerunfilecheck.sty
Package: rerunfilecheck 2019/12/05 v1.9 Rerun checks for auxiliary files (HO)

(c:/texlive/2020/texmf-dist/tex/generic/uniquecounter/uniquecounter.sty
Package: uniquecounter 2019/12/15 v1.4 Provide unlimited unique counter (HO)
)
Package uniquecounter Info: New unique counter `rerunfilecheck' on input line 2
86.
)
\Hy@SectionHShift=\skip49
)
(c:/texlive/2020/texmf-dist/tex/generic/babel/babel.sty
Package: babel 2020/09/01 3.48 The Babel package

(c:/texlive/2020/texmf-dist/tex/generic/babel/babel.def
File: babel.def 2020/09/01 3.48 Babel common definitions
\babel@savecnt=\count186
\U@D=\dimen139
\l@babelnohyphens=\language86

(c:/texlive/2020/texmf-dist/tex/generic/babel/txtbabel.def)
\bbl@readstream=\read2
)
\bbl@dirlevel=\count187

(c:/texlive/2020/texmf-dist/tex/generic/babel-dutch/dutch.ldf
Language: dutch 2005/03/30 v3.8i Dutch support from the babel system
Package babel Info: Making " an active character on input line 132.
))
(c:/texlive/2020/texmf-dist/tex/latex/graphics/graphicx.sty
Package: graphicx 2019/11/30 v1.2a Enhanced LaTeX Graphics (DPC,SPQR)

(c:/texlive/2020/texmf-dist/tex/latex/graphics/graphics.sty
Package: graphics 2019/11/30 v1.4a Standard LaTeX Graphics (DPC,SPQR)

(c:/texlive/2020/texmf-dist/tex/latex/graphics/trig.sty
Package: trig 2016/01/03 v1.10 sin cos tan (DPC)
)
(c:/texlive/2020/texmf-dist/tex/latex/graphics-cfg/graphics.cfg
File: graphics.cfg 2016/06/04 v1.11 sample graphics configuration
)
Package graphics Info: Driver file: pdftex.def on input line 105.

(c:/texlive/2020/texmf-dist/tex/latex/graphics-def/pdftex.def
File: pdftex.def 2020/08/26 v1.2 Graphics/color driver for pdftex
))
\Gin@req@height=\dimen140
\Gin@req@width=\dimen141
)
(c:/texlive/2020/texmf-dist/tex/latex/titling/titling.sty
Package: titling 2009/09/04 v2.1d maketitle typesetting
\thanksmarkwidth=\skip50
\thanksmargin=\skip51
\droptitle=\skip52
)
(c:/texlive/2020/texmf-dist/tex/latex/subfiles/subfiles.sty
Package: subfiles 2020/09/07 v2.0 Multi-file projects (package)

(c:/texlive/2020/texmf-dist/tex/latex/import/import.sty
Package: import 2020/04/01  v 6.2
))
(c:/texlive/2020/texmf-dist/tex/latex/pdfpages/pdfpages.sty
Package: pdfpages 2020/01/28 v0.5q Insert pages of external PDF documents (AM)

(c:/texlive/2020/texmf-dist/tex/latex/base/ifthen.sty
Package: ifthen 2014/09/29 v1.1c Standard LaTeX ifthen package (DPC)
)
(c:/texlive/2020/texmf-dist/tex/latex/tools/calc.sty
Package: calc 2017/05/25 v4.3 Infix arithmetic (KKT,FJ)
\calc@Acount=\count188
\calc@Bcount=\count189
\calc@Adimen=\dimen142
\calc@Bdimen=\dimen143
\calc@Askip=\skip53
\calc@Bskip=\skip54
LaTeX Info: Redefining \setlength on input line 80.
LaTeX Info: Redefining \addtolength on input line 81.
\calc@Ccount=\count190
\calc@Cskip=\skip55
)
(c:/texlive/2020/texmf-dist/tex/latex/eso-pic/eso-pic.sty
Package: eso-pic 2020/09/27 v2.0i eso-pic (RN)
\ESO@tempdima=\dimen144
\ESO@tempdimb=\dimen145

(c:/texlive/2020/texmf-dist/tex/latex/xcolor/xcolor.sty
Package: xcolor 2016/05/11 v2.12 LaTeX color extensions (UK)

(c:/texlive/2020/texmf-dist/tex/latex/graphics-cfg/color.cfg
File: color.cfg 2016/01/02 v1.6 sample color configuration
)
Package xcolor Info: Driver file: pdftex.def on input line 225.
Package xcolor Info: Model `cmy' substituted by `cmy0' on input line 1348.
Package xcolor Info: Model `hsb' substituted by `rgb' on input line 1352.
Package xcolor Info: Model `RGB' extended on input line 1364.
Package xcolor Info: Model `HTML' substituted by `rgb' on input line 1366.
Package xcolor Info: Model `Hsb' substituted by `hsb' on input line 1367.
Package xcolor Info: Model `tHsb' substituted by `hsb' on input line 1368.
Package xcolor Info: Model `HSB' substituted by `hsb' on input line 1369.
Package xcolor Info: Model `Gray' substituted by `gray' on input line 1370.
Package xcolor Info: Model `wave' substituted by `hsb' on input line 1371.
))
\AM@pagewidth=\dimen146
\AM@pageheight=\dimen147

(c:/texlive/2020/texmf-dist/tex/latex/pdfpages/pppdftex.def
File: pppdftex.def 2020/01/28 v0.5q Pdfpages driver for pdfTeX (AM)
)
\AM@pagebox=\box45
\AM@global@opts=\toks16
\AM@pagecnt=\count191
\AM@toc@title=\toks17
\c@AM@survey=\count192
\AM@templatesizebox=\box46
)
(c:/texlive/2020/texmf-dist/tex/latex/appendix/appendix.sty
Package: appendix 2020/02/08 v1.2c extra appendix facilities
\c@@pps=\count193
\c@@ppsavesec=\count194
\c@@ppsaveapp=\count195
)
(c:/texlive/2020/texmf-dist/tex/latex/amsmath/amsmath.sty
Package: amsmath 2020/01/20 v2.17e AMS math features
\@mathmargin=\skip56

For additional information on amsmath, use the `?' option.
(c:/texlive/2020/texmf-dist/tex/latex/amsmath/amstext.sty
Package: amstext 2000/06/29 v2.01 AMS text

(c:/texlive/2020/texmf-dist/tex/latex/amsmath/amsgen.sty
File: amsgen.sty 1999/11/30 v2.0 generic functions
\@emptytoks=\toks18
\ex@=\dimen148
))
(c:/texlive/2020/texmf-dist/tex/latex/amsmath/amsbsy.sty
Package: amsbsy 1999/11/29 v1.2d Bold Symbols
\pmbraise@=\dimen149
)
(c:/texlive/2020/texmf-dist/tex/latex/amsmath/amsopn.sty
Package: amsopn 2016/03/08 v2.02 operator names
)
\inf@bad=\count196
LaTeX Info: Redefining \frac on input line 227.
\uproot@=\count197
\leftroot@=\count198
LaTeX Info: Redefining \overline on input line 389.
\classnum@=\count199
\DOTSCASE@=\count266
LaTeX Info: Redefining \ldots on input line 486.
LaTeX Info: Redefining \dots on input line 489.
LaTeX Info: Redefining \cdots on input line 610.
\Mathstrutbox@=\box47
\strutbox@=\box48
\big@size=\dimen150
LaTeX Font Info:    Redeclaring font encoding OML on input line 733.
LaTeX Font Info:    Redeclaring font encoding OMS on input line 734.
\macc@depth=\count267
\c@MaxMatrixCols=\count268
\dotsspace@=\muskip17
\c@parentequation=\count269
\dspbrk@lvl=\count270
\tag@help=\toks19
\row@=\count271
\column@=\count272
\maxfields@=\count273
\andhelp@=\toks20
\eqnshift@=\dimen151
\alignsep@=\dimen152
\tagshift@=\dimen153
\tagwidth@=\dimen154
\totwidth@=\dimen155
\lineht@=\dimen156
\@envbody=\toks21
\multlinegap=\skip57
\multlinetaggap=\skip58
\mathdisplay@stack=\toks22
LaTeX Info: Redefining \[ on input line 2859.
LaTeX Info: Redefining \] on input line 2860.
)
(c:/texlive/2020/texmf-dist/tex/latex/pdflscape/pdflscape.sty
Package: pdflscape 2019/12/05 v0.12 Display of landscape pages in PDF (HO)

(c:/texlive/2020/texmf-dist/tex/latex/graphics/lscape.sty
Package: lscape 2000/10/22 v3.01 Landscape Pages (DPC)
)
Package pdflscape Info: Auto-detected driver: pdftex on input line 81.
)
(c:/texlive/2020/texmf-dist/tex/latex/l3backend/l3backend-pdftex.def
File: l3backend-pdftex.def 2020-09-24 L3 backend support: PDF output (pdfTeX)
\l__kernel_color_stack_int=\count274
\l__pdf_internal_box=\box49
)
(./verslagCommunicatieplatform.aux)
\openout1 = `verslagCommunicatieplatform.aux'.

LaTeX Font Info:    Checking defaults for OML/cmm/m/it on input line 19.
LaTeX Font Info:    ... okay on input line 19.
LaTeX Font Info:    Checking defaults for OMS/cmsy/m/n on input line 19.
LaTeX Font Info:    ... okay on input line 19.
LaTeX Font Info:    Checking defaults for OT1/cmr/m/n on input line 19.
LaTeX Font Info:    ... okay on input line 19.
LaTeX Font Info:    Checking defaults for T1/cmr/m/n on input line 19.
LaTeX Font Info:    ... okay on input line 19.
LaTeX Font Info:    Checking defaults for TS1/cmr/m/n on input line 19.
LaTeX Font Info:    ... okay on input line 19.
LaTeX Font Info:    Checking defaults for OMX/cmex/m/n on input line 19.
LaTeX Font Info:    ... okay on input line 19.
LaTeX Font Info:    Checking defaults for U/cmr/m/n on input line 19.
LaTeX Font Info:    ... okay on input line 19.
LaTeX Font Info:    Checking defaults for PD1/pdf/m/n on input line 19.
LaTeX Font Info:    ... okay on input line 19.
\AtBeginShipoutBox=\box50
Package hyperref Info: Link coloring OFF on input line 19.

(c:/texlive/2020/texmf-dist/tex/latex/hyperref/nameref.sty
Package: nameref 2019/09/16 v2.46 Cross-referencing by name of section

(c:/texlive/2020/texmf-dist/tex/latex/refcount/refcount.sty
Package: refcount 2019/12/15 v3.6 Data extraction from label references (HO)
)
(c:/texlive/2020/texmf-dist/tex/generic/gettitlestring/gettitlestring.sty
Package: gettitlestring 2019/12/15 v1.6 Cleanup title references (HO)
)
\c@section@level=\count275
)
LaTeX Info: Redefining \ref on input line 19.
LaTeX Info: Redefining \pageref on input line 19.
LaTeX Info: Redefining \nameref on input line 19.

(./verslagCommunicatieplatform.out) (./verslagCommunicatieplatform.out)
\@outlinefile=\write3
\openout3 = `verslagCommunicatieplatform.out'.


(c:/texlive/2020/texmf-dist/tex/context/base/mkii/supp-pdf.mkii
[Loading MPS to PDF converter (version 2006.09.02).]
\scratchcounter=\count276
\scratchdimen=\dimen157
\scratchbox=\box51
\nofMPsegments=\count277
\nofMParguments=\count278
\everyMPshowfont=\toks23
\MPscratchCnt=\count279
\MPscratchDim=\dimen158
\MPnumerator=\count280
\makeMPintoPDFobject=\count281
\everyMPtoPDFconversion=\toks24
) (c:/texlive/2020/texmf-dist/tex/latex/epstopdf-pkg/epstopdf-base.sty
Package: epstopdf-base 2020-01-24 v2.11 Base part for package epstopdf
Package epstopdf-base Info: Redefining graphics rule for `.eps' on input line 4
85.

(c:/texlive/2020/texmf-dist/tex/latex/latexconfig/epstopdf-sys.cfg
File: epstopdf-sys.cfg 2010/07/13 v1.3 Configuration of (r)epstopdf for TeX Liv
e
))
<2013-kulak-cmyk-highres.jpg, id=96, 602.25pt x 125.46875pt>
File: 2013-kulak-cmyk-highres.jpg Graphic file (type jpg)
<use 2013-kulak-cmyk-highres.jpg>
Package pdftex.def Info: 2013-kulak-cmyk-highres.jpg  used on input line 27.
(pdftex.def)             Requested size: 170.71652pt x 35.5656pt.
 [1

{c:/texlive/2020/texmf-var/fonts/map/pdftex/updmap/pdftex.map} <./2013-kulak-cm
yk-highres.jpg>] (./verslagCommunicatieplatform.toc)
\tf@toc=\write4
\openout4 = `verslagCommunicatieplatform.toc'.

 [2]
Underfull \hbox (badness 10000) in paragraph at lines 68--76

 []


Underfull \hbox (badness 10000) in paragraph at lines 68--76

 []


Underfull \hbox (badness 10000) in paragraph at lines 78--80

 []

[3]
Underfull \hbox (badness 10000) in paragraph at lines 85--89

 []


Underfull \hbox (badness 10000) in paragraph at lines 91--98

 []


Underfull \hbox (badness 10000) in paragraph at lines 91--98

 []

[4]
Underfull \hbox (badness 10000) in paragraph at lines 104--109

 []


Underfull \hbox (badness 10000) in paragraph at lines 104--109

 []

[5]
Underfull \hbox (badness 10000) in paragraph at lines 112--115

 []

[6]
<App_chat2.jpg, id=180, 324.46219pt x 703.12688pt>
File: App_chat2.jpg Graphic file (type jpg)
<use App_chat2.jpg>
Package pdftex.def Info: App_chat2.jpg  used on input line 134.
(pdftex.def)             Requested size: 99.58464pt x 215.79985pt.
<App_chat.jpg, id=181, 324.46219pt x 703.12688pt>
File: App_chat.jpg Graphic file (type jpg)
<use App_chat.jpg>
Package pdftex.def Info: App_chat.jpg  used on input line 138.
(pdftex.def)             Requested size: 99.58464pt x 215.79985pt.
<App_chat3.jpg, id=182, 324.46219pt x 703.12688pt>
File: App_chat3.jpg Graphic file (type jpg)
<use App_chat3.jpg>
Package pdftex.def Info: App_chat3.jpg  used on input line 142.
(pdftex.def)             Requested size: 99.58464pt x 215.79985pt.

Overfull \hbox (37.73041pt too wide) in paragraph at lines 128--146
\OML/cmm/m/it/10 Voorelkeconversatiewordtookhetlaatstverzondenberichtopgeslagen
:Dezewordttelkens$ 
 []


Overfull \hbox (12.42952pt too wide) in paragraph at lines 128--146
\OML/cmm/m/it/10 overschrevenwanneerereennieuwberichtwordtverzonden:Voorditberi
chtwordter$ 
 []


Overfull \hbox (13.05276pt too wide) in paragraph at lines 128--146
\OML/cmm/m/it/10 wanneerdeconversatiemetdegebruikerwordtgeopend:Bijdewebsitewor
dtelklaatst$ 
 []

<<<<<<< refs/remotes/origin/Eindverslag
=======
[7] [8]
Underfull \hbox (badness 10000) in paragraph at lines 144--155
>>>>>>> 2.1.1 en 2.1.2

Overfull \hbox (6.34479pt too wide) in paragraph at lines 128--146
\OML/cmm/m/it/10 verzondenberichtwordtweergegevenonderdenaamvandegeselecteerdeg
ebruiker:$ 
 []


<<<<<<< refs/remotes/origin/Eindverslag
Overfull \hbox (35.22076pt too wide) in paragraph at lines 128--146
\OML/cmm/m/it/10 Hierbijwordtookeenonderscheidgemaakttusseneenverzondeneneenont
vangenbericht:$
 []


LaTeX Warning: `h' float specifier changed to `ht'.


Underfull \hbox (badness 10000) in paragraph at lines 149--152

 []

[7] [8 <./App_chat2.jpg> <./App_chat.jpg> <./App_chat3.jpg>]
Underfull \hbox (badness 10000) in paragraph at lines 161--172

 []

[9]
=======
>>>>>>> 2.1.1 en 2.1.2

pdfTeX warning: pdflatex.exe (file ./Flowchart.pdf): PDF inclusion: found PDF v
ersion <1.7>, but at most version <1.5> allowed
<Flowchart.pdf, id=200, 1129.21875pt x 681.54625pt>
File: Flowchart.pdf Graphic file (type pdf)
<use Flowchart.pdf>
Package pdftex.def Info: Flowchart.pdf  used on input line 178.
(pdftex.def)             Requested size: 1129.216pt x 681.54459pt.


pdfTeX warning: pdflatex.exe (file ./Flowchart.pdf): PDF inclusion: found PDF v
ersion <1.7>, but at most version <1.5> allowed
File: Flowchart.pdf Graphic file (type pdf)
<use Flowchart.pdf>
Package pdftex.def Info: Flowchart.pdf  used on input line 178.
(pdftex.def)             Requested size: 1129.216pt x 681.54459pt.


pdfTeX warning: pdflatex.exe (file ./Flowchart.pdf): PDF inclusion: found PDF v
ersion <1.7>, but at most version <1.5> allowed


pdfTeX warning: pdflatex.exe (file ./Flowchart.pdf): PDF inclusion: found PDF v
ersion <1.7>, but at most version <1.5> allowed
<Flowchart.pdf, id=203, page=1, 1129.21875pt x 681.54625pt>
File: Flowchart.pdf Graphic file (type pdf)
<use Flowchart.pdf, page 1>
Package pdftex.def Info: Flowchart.pdf , page1 used on input line 178.
(pdftex.def)             Requested size: 1129.216pt x 681.54459pt.
File: Flowchart.pdf Graphic file (type pdf)
<use Flowchart.pdf, page 1>
Package pdftex.def Info: Flowchart.pdf , page1 used on input line 178.
(pdftex.def)             Requested size: 614.40405pt x 370.82697pt.
[10]
File: Flowchart.pdf Graphic file (type pdf)
<use Flowchart.pdf, page 1>
Package pdftex.def Info: Flowchart.pdf , page1 used on input line 178.
(pdftex.def)             Requested size: 614.40405pt x 370.82697pt.
File: Flowchart.pdf Graphic file (type pdf)
<use Flowchart.pdf, page 1>
Package pdftex.def Info: Flowchart.pdf , page1 used on input line 178.
(pdftex.def)             Requested size: 614.40405pt x 370.82697pt.
File: Flowchart.pdf Graphic file (type pdf)
<use Flowchart.pdf, page 1>
Package pdftex.def Info: Flowchart.pdf , page1 used on input line 178.
(pdftex.def)             Requested size: 614.40405pt x 370.82697pt.
 [11 <./Flowchart.pdf>]
Underfull \hbox (badness 10000) in paragraph at lines 183--186

 []


Underfull \hbox (badness 10000) in paragraph at lines 187--188

 []

[12]
Underfull \hbox (badness 10000) in paragraph at lines 197--199

 []

[13]
Underfull \hbox (badness 10000) in paragraph at lines 207--217

 []


Underfull \hbox (badness 10000) in paragraph at lines 207--217

 []

[14]
Underfull \hbox (badness 10000) in paragraph at lines 220--226

 []


Underfull \hbox (badness 10000) in paragraph at lines 220--226

 []


Underfull \hbox (badness 10000) in paragraph at lines 220--226

 []

[15]
<Ganttchart.pdf, id=337, 845.0471pt x 597.50829pt>
File: Ganttchart.pdf Graphic file (type pdf)
<use Ganttchart.pdf>
Package pdftex.def Info: Ganttchart.pdf  used on input line 230.
(pdftex.def)             Requested size: 845.04504pt x 597.50682pt.
File: Ganttchart.pdf Graphic file (type pdf)
<use Ganttchart.pdf>
Package pdftex.def Info: Ganttchart.pdf  used on input line 230.
(pdftex.def)             Requested size: 845.04504pt x 597.50682pt.
<Ganttchart.pdf, id=340, page=1, 845.0471pt x 597.50829pt>
File: Ganttchart.pdf Graphic file (type pdf)
<use Ganttchart.pdf, page 1>
Package pdftex.def Info: Ganttchart.pdf , page1 used on input line 230.
(pdftex.def)             Requested size: 845.04504pt x 597.50682pt.
File: Ganttchart.pdf Graphic file (type pdf)
<use Ganttchart.pdf, page 1>
Package pdftex.def Info: Ganttchart.pdf , page1 used on input line 230.
(pdftex.def)             Requested size: 614.32619pt x 434.37221pt.
 [16]
File: Ganttchart.pdf Graphic file (type pdf)
<use Ganttchart.pdf, page 1>
Package pdftex.def Info: Ganttchart.pdf , page1 used on input line 230.
(pdftex.def)             Requested size: 614.32619pt x 434.37221pt.
File: Ganttchart.pdf Graphic file (type pdf)
<use Ganttchart.pdf, page 1>
Package pdftex.def Info: Ganttchart.pdf , page1 used on input line 230.
(pdftex.def)             Requested size: 614.32619pt x 434.37221pt.
File: Ganttchart.pdf Graphic file (type pdf)
<use Ganttchart.pdf, page 1>
Package pdftex.def Info: Ganttchart.pdf , page1 used on input line 230.
(pdftex.def)             Requested size: 614.32619pt x 434.37221pt.
 [17 <./Ganttchart.pdf>]
<Ganttchart.pdf, id=376, page=2, 845.0471pt x 597.50829pt>
File: Ganttchart.pdf Graphic file (type pdf)
<use Ganttchart.pdf, page 2>
Package pdftex.def Info: Ganttchart.pdf , page2 used on input line 230.
(pdftex.def)             Requested size: 614.32619pt x 434.37221pt.
File: Ganttchart.pdf Graphic file (type pdf)
<use Ganttchart.pdf, page 2>
Package pdftex.def Info: Ganttchart.pdf , page2 used on input line 230.
(pdftex.def)             Requested size: 614.32619pt x 434.37221pt.
File: Ganttchart.pdf Graphic file (type pdf)
<use Ganttchart.pdf, page 2>
Package pdftex.def Info: Ganttchart.pdf , page2 used on input line 230.
(pdftex.def)             Requested size: 614.32619pt x 434.37221pt.
 [18 <./Ganttchart.pdf>]
<Ganttchart.pdf, id=385, page=3, 845.0471pt x 597.50829pt>
File: Ganttchart.pdf Graphic file (type pdf)
<use Ganttchart.pdf, page 3>
Package pdftex.def Info: Ganttchart.pdf , page3 used on input line 230.
(pdftex.def)             Requested size: 614.32619pt x 434.37221pt.
File: Ganttchart.pdf Graphic file (type pdf)
<use Ganttchart.pdf, page 3>
Package pdftex.def Info: Ganttchart.pdf , page3 used on input line 230.
(pdftex.def)             Requested size: 614.32619pt x 434.37221pt.
File: Ganttchart.pdf Graphic file (type pdf)
<use Ganttchart.pdf, page 3>
Package pdftex.def Info: Ganttchart.pdf , page3 used on input line 230.
(pdftex.def)             Requested size: 614.32619pt x 434.37221pt.
 [19 <./Ganttchart.pdf>]

pdfTeX warning: pdflatex.exe (file ./Eind_Diagram_1.drawio.pdf): PDF inclusion:
 found PDF version <1.7>, but at most version <1.5> allowed
<Eind_Diagram_1.drawio.pdf, id=395, 598.15468pt x 846.0408pt>
File: Eind_Diagram_1.drawio.pdf Graphic file (type pdf)
<use Eind_Diagram_1.drawio.pdf>
Package pdftex.def Info: Eind_Diagram_1.drawio.pdf  used on input line 231.
(pdftex.def)             Requested size: 598.15321pt x 846.03874pt.


pdfTeX warning: pdflatex.exe (file ./Eind_Diagram_1.drawio.pdf): PDF inclusion:
 found PDF version <1.7>, but at most version <1.5> allowed
File: Eind_Diagram_1.drawio.pdf Graphic file (type pdf)
<use Eind_Diagram_1.drawio.pdf>
Package pdftex.def Info: Eind_Diagram_1.drawio.pdf  used on input line 231.
(pdftex.def)             Requested size: 598.15321pt x 846.03874pt.


pdfTeX warning: pdflatex.exe (file ./Eind_Diagram_1.drawio.pdf): PDF inclusion:
 found PDF version <1.7>, but at most version <1.5> allowed


pdfTeX warning: pdflatex.exe (file ./Eind_Diagram_1.drawio.pdf): PDF inclusion:
 found PDF version <1.7>, but at most version <1.5> allowed
<Eind_Diagram_1.drawio.pdf, id=398, page=1, 598.15468pt x 846.0408pt>
File: Eind_Diagram_1.drawio.pdf Graphic file (type pdf)
<use Eind_Diagram_1.drawio.pdf, page 1>
Package pdftex.def Info: Eind_Diagram_1.drawio.pdf , page1 used on input line 2
31.
(pdftex.def)             Requested size: 598.15321pt x 846.03874pt.
File: Eind_Diagram_1.drawio.pdf Graphic file (type pdf)
<use Eind_Diagram_1.drawio.pdf, page 1>
Package pdftex.def Info: Eind_Diagram_1.drawio.pdf , page1 used on input line 2
31.
(pdftex.def)             Requested size: 562.06468pt x 794.99446pt.
File: Eind_Diagram_1.drawio.pdf Graphic file (type pdf)
<use Eind_Diagram_1.drawio.pdf, page 1>
Package pdftex.def Info: Eind_Diagram_1.drawio.pdf , page1 used on input line 2
31.
(pdftex.def)             Requested size: 562.06468pt x 794.99446pt.
File: Eind_Diagram_1.drawio.pdf Graphic file (type pdf)
<use Eind_Diagram_1.drawio.pdf, page 1>
Package pdftex.def Info: Eind_Diagram_1.drawio.pdf , page1 used on input line 2
31.
(pdftex.def)             Requested size: 562.06468pt x 794.99446pt.
File: Eind_Diagram_1.drawio.pdf Graphic file (type pdf)
<use Eind_Diagram_1.drawio.pdf, page 1>
Package pdftex.def Info: Eind_Diagram_1.drawio.pdf , page1 used on input line 2
31.
(pdftex.def)             Requested size: 562.06468pt x 794.99446pt.
[20 <./Eind_Diagram_1.drawio.pdf>]

pdfTeX warning: pdflatex.exe (file ./Eind_Diagram_2.drawio.pdf): PDF inclusion:
 found PDF version <1.7>, but at most version <1.5> allowed
<Eind_Diagram_2.drawio.pdf, id=413, 598.15468pt x 846.0408pt>
File: Eind_Diagram_2.drawio.pdf Graphic file (type pdf)
<use Eind_Diagram_2.drawio.pdf>
Package pdftex.def Info: Eind_Diagram_2.drawio.pdf  used on input line 232.
(pdftex.def)             Requested size: 598.15321pt x 846.03874pt.


pdfTeX warning: pdflatex.exe (file ./Eind_Diagram_2.drawio.pdf): PDF inclusion:
 found PDF version <1.7>, but at most version <1.5> allowed
File: Eind_Diagram_2.drawio.pdf Graphic file (type pdf)
<use Eind_Diagram_2.drawio.pdf>
Package pdftex.def Info: Eind_Diagram_2.drawio.pdf  used on input line 232.
(pdftex.def)             Requested size: 598.15321pt x 846.03874pt.


pdfTeX warning: pdflatex.exe (file ./Eind_Diagram_2.drawio.pdf): PDF inclusion:
 found PDF version <1.7>, but at most version <1.5> allowed


pdfTeX warning: pdflatex.exe (file ./Eind_Diagram_2.drawio.pdf): PDF inclusion:
 found PDF version <1.7>, but at most version <1.5> allowed
<Eind_Diagram_2.drawio.pdf, id=416, page=1, 598.15468pt x 846.0408pt>
File: Eind_Diagram_2.drawio.pdf Graphic file (type pdf)
<use Eind_Diagram_2.drawio.pdf, page 1>
Package pdftex.def Info: Eind_Diagram_2.drawio.pdf , page1 used on input line 2
32.
(pdftex.def)             Requested size: 598.15321pt x 846.03874pt.
File: Eind_Diagram_2.drawio.pdf Graphic file (type pdf)
<use Eind_Diagram_2.drawio.pdf, page 1>
Package pdftex.def Info: Eind_Diagram_2.drawio.pdf , page1 used on input line 2
32.
(pdftex.def)             Requested size: 562.06468pt x 794.99446pt.
File: Eind_Diagram_2.drawio.pdf Graphic file (type pdf)
<use Eind_Diagram_2.drawio.pdf, page 1>
Package pdftex.def Info: Eind_Diagram_2.drawio.pdf , page1 used on input line 2
32.
(pdftex.def)             Requested size: 562.06468pt x 794.99446pt.
File: Eind_Diagram_2.drawio.pdf Graphic file (type pdf)
<use Eind_Diagram_2.drawio.pdf, page 1>
Package pdftex.def Info: Eind_Diagram_2.drawio.pdf , page1 used on input line 2
32.
(pdftex.def)             Requested size: 562.06468pt x 794.99446pt.
File: Eind_Diagram_2.drawio.pdf Graphic file (type pdf)
<use Eind_Diagram_2.drawio.pdf, page 1>
Package pdftex.def Info: Eind_Diagram_2.drawio.pdf , page1 used on input line 2
32.
(pdftex.def)             Requested size: 562.06468pt x 794.99446pt.
[21 <./Eind_Diagram_2.drawio.pdf>] (./verslagCommunicatieplatform.bbl
Overfull \hbox (113.32964pt too wide) in paragraph at lines 9--14
\OT1/cmtt/m/n/10 2018 / 06 / why-[]millions-[]of-[]developers-[]use-[]javascrip
t-[]for-[]web-[]application-[]development/$[]\OT1/cmr/m/n/10 ,
 []


Underfull \hbox (badness 10000) in paragraph at lines 31--36
\OT1/cmtt/m/n/10 news / html-[]css-[]and-[]javascript-[]explained-[]for-[]begin
ners/$[]\OT1/cmr/m/n/10 , Aug
 []


Underfull \hbox (badness 6300) in paragraph at lines 38--43
[]\OT1/cmr/m/n/10 Meest ge-bruikte pro-gram-meer-ta-len.  []$\OT1/cmtt/m/n/10 h
ttps : / / blog . andwork . com /
 []


Overfull \hbox (50.33018pt too wide) in paragraph at lines 38--43
\OT1/cmtt/m/n/10 wat-[]spreken-[]developers-[]dit-[]zijn-[]de-[]8-[]meest-[]gev
raagde-[]programmeertalen/$[]\OT1/cmr/m/n/10 ,
 []


Underfull \hbox (badness 10000) in paragraph at lines 45--50
[]\OT1/cmr/m/n/10 Meest ge-bruikte pro-gram-meer-ta-len voor web-
 []


Underfull \hbox (badness 10000) in paragraph at lines 45--50
\OT1/cmr/m/n/10 si-tes.  []$\OT1/cmtt/m/n/10 https : / / onlinerocket . nl / we
bsites /
 []


Underfull \hbox (badness 1622) in paragraph at lines 57--61
[]\OT1/cmr/m/n/10 Verschil tus-sen front end en back end.  []$\OT1/cmtt/m/n/10 
https : / / www . code14 . nl /
 []


Underfull \hbox (badness 10000) in paragraph at lines 73--78
[]\OT1/cmr/m/n/10 Php vs node.js vs flask vs django.  []$\OT1/cmtt/m/n/10 https
 : / / dev . to /
 []


Overfull \hbox (258.5784pt too wide) in paragraph at lines 73--78
\OT1/cmtt/m/n/10 leviathanprogramming / php-[]vs-[]nodejs-[]vs-[]flask-[]vs-[]d
jango-[]which-[]is-[]the-[]best-[]backend-[]language-[]in-[]your-[]opinion-[]33
9c$[]\OT1/cmr/m/n/10 ,
 []

<<<<<<< refs/remotes/origin/Eindverslag
) [22] (./verslagCommunicatieplatform.aux)
=======
)
Package atveryend Info: Empty hook `BeforeClearDocument' on input line 217.
 [24]
Package atveryend Info: Empty hook `AfterLastShipout' on input line 217.
 (./verslagCommunicatieplatform.aux)
Package atveryend Info: Executing hook `AtVeryEndDocument' on input line 217.
Package atveryend Info: Executing hook `AtEndAfterFileList' on input line 217.
>>>>>>> 2.1.1 en 2.1.2
Package rerunfilecheck Info: File `verslagCommunicatieplatform.out' has not cha
nged.
(rerunfilecheck)             Checksum: BB3AA95C7488ECDCDDFB033D08F1AFEE;1315.
Package atveryend Info: Empty hook `AtVeryVeryEnd' on input line 217.
 ) 
Here is how much of TeX's memory you used:
<<<<<<< refs/remotes/origin/Eindverslag
 11564 strings out of 478371
 183458 string characters out of 5852527
 501049 words of memory out of 5000000
 29437 multiletter control sequences out of 15000+600000
 409753 words of font info for 49 fonts, out of 8000000 for 9000
 1141 hyphenation exceptions out of 8191
 61i,17n,75p,1185b,524s stack positions out of 5000i,500n,10000p,200000b,80000s
<c:/texlive/2021/texmf-dist/fonts/type1/public/amsfonts/cm/cmbx10.pfb><c:/tex
live/2021/texmf-dist/fonts/type1/public/amsfonts/cm/cmbx12.pfb><c:/texlive/2021
/texmf-dist/fonts/type1/public/amsfonts/cm/cmmi10.pfb><c:/texlive/2021/texmf-di
st/fonts/type1/public/amsfonts/cm/cmr10.pfb><c:/texlive/2021/texmf-dist/fonts/t
ype1/public/amsfonts/cm/cmr12.pfb><c:/texlive/2021/texmf-dist/fonts/type1/publi
c/amsfonts/cm/cmr6.pfb><c:/texlive/2021/texmf-dist/fonts/type1/public/amsfonts/
cm/cmr7.pfb><c:/texlive/2021/texmf-dist/fonts/type1/public/amsfonts/cm/cmr8.pfb
><c:/texlive/2021/texmf-dist/fonts/type1/public/amsfonts/cm/cmsl12.pfb><c:/texl
ive/2021/texmf-dist/fonts/type1/public/amsfonts/cm/cmsy7.pfb><c:/texlive/2021/t
exmf-dist/fonts/type1/public/amsfonts/cm/cmti10.pfb><c:/texlive/2021/texmf-dist
/fonts/type1/public/amsfonts/cm/cmti8.pfb><c:/texlive/2021/texmf-dist/fonts/typ
e1/public/amsfonts/cm/cmtt10.pfb>
Output written on verslagCommunicatieplatform.pdf (22 pages, 580136 bytes).
PDF statistics:
 535 PDF objects out of 1000 (max. 8388607)
 447 compressed objects within 5 object streams
 73 named destinations out of 1000 (max. 500000)
 295 words of extra memory for PDF output out of 10000 (max. 10000000)
=======
 8147 strings out of 480875
 121600 string characters out of 5911456
 415289 words of memory out of 5000000
 23538 multiletter control sequences out of 15000+600000
 541411 words of font info for 51 fonts, out of 8000000 for 9000
 1141 hyphenation exceptions out of 8191
 43i,18n,46p,1415b,519s stack positions out of 5000i,500n,10000p,200000b,80000s
<c:/texlive/2020/texmf-dist/fonts/type1/public/amsfonts/cm/cmbx10.pfb><c:/tex
live/2020/texmf-dist/fonts/type1/public/amsfonts/cm/cmbx12.pfb><c:/texlive/2020
/texmf-dist/fonts/type1/public/amsfonts/cm/cmmi10.pfb><c:/texlive/2020/texmf-di
st/fonts/type1/public/amsfonts/cm/cmr10.pfb><c:/texlive/2020/texmf-dist/fonts/t
ype1/public/amsfonts/cm/cmr12.pfb><c:/texlive/2020/texmf-dist/fonts/type1/publi
c/amsfonts/cm/cmr6.pfb><c:/texlive/2020/texmf-dist/fonts/type1/public/amsfonts/
cm/cmr7.pfb><c:/texlive/2020/texmf-dist/fonts/type1/public/amsfonts/cm/cmr8.pfb
><c:/texlive/2020/texmf-dist/fonts/type1/public/amsfonts/cm/cmsl12.pfb><c:/texl
ive/2020/texmf-dist/fonts/type1/public/amsfonts/cm/cmsy7.pfb><c:/texlive/2020/t
exmf-dist/fonts/type1/public/amsfonts/cm/cmti10.pfb><c:/texlive/2020/texmf-dist
/fonts/type1/public/amsfonts/cm/cmti8.pfb><c:/texlive/2020/texmf-dist/fonts/typ
e1/public/amsfonts/cm/cmtt10.pfb>
Output written on verslagCommunicatieplatform.pdf (24 pages, 350737 bytes).
PDF statistics:
 536 PDF objects out of 1000 (max. 8388607)
 460 compressed objects within 5 object streams
 77 named destinations out of 1000 (max. 500000)
 290 words of extra memory for PDF output out of 10000 (max. 10000000)
>>>>>>> 2.1.1 en 2.1.2

